<?xml version="1.0" encoding="UTF-8"?>
<testng-results skipped="0" failed="0" ignored="0" total="1" passed="1">
  <reporter-output>
  </reporter-output>
  <suite name="Default suite" duration-ms="3758" started-at="2018-06-27T06:59:55Z" finished-at="2018-06-27T06:59:59Z">
    <groups>
    </groups>
    <test name="Default test" duration-ms="3758" started-at="2018-06-27T06:59:55Z" finished-at="2018-06-27T06:59:59Z">
      <class name="com.qainfotech.automation.tatoc_javascript.AppTest">
        <test-method status="PASS" signature="launch_browser()[pri:0, instance:com.qainfotech.automation.tatoc_javascript.AppTest@7d900ecf]" name="launch_browser" is-config="true" duration-ms="459" started-at="2018-06-27T06:59:55Z" finished-at="2018-06-27T06:59:55Z">
          <reporter-output>
          </reporter-output>
        </test-method> <!-- launch_browser -->
        <test-method status="PASS" signature="all_tatoc()[pri:0, instance:com.qainfotech.automation.tatoc_javascript.AppTest@7d900ecf]" name="all_tatoc" duration-ms="3271" started-at="2018-06-27T06:59:55Z" finished-at="2018-06-27T06:59:59Z">
          <reporter-output>
          </reporter-output>
        </test-method> <!-- all_tatoc -->
      </class> <!-- com.qainfotech.automation.tatoc_javascript.AppTest -->
    </test> <!-- Default test -->
  </suite> <!-- Default suite -->
</testng-results>
